	[10/Sep/7 15:19:52][AUDIT][l2d02mekukt0tuqh9r2nlvqvn3][GUI]
		Login for 'mcasey' from '10.2.10.10' succeeded
[<<][4c865818ba945791567228][DEFAULT][/testlink/login.php][10/Sep/7 15:19:52][10/Sep/7 15:19:52][took 0.016297 secs]
[<<][4c865818c7848667971845][DEFAULT][/testlink/index.php][10/Sep/7 15:19:52][10/Sep/7 15:19:52][took 0.06468 secs]
[<<][4c865818e096c869601874][DEFAULT][/testlink/lib/general/mainPage.php][10/Sep/7 15:19:52][10/Sep/7 15:19:52][took 0.067612 secs]
[>>][4c865818f1327798182526][DEFAULT][/testlink/lib/general/mainPage.php][10/Sep/7 15:19:52]
[<<][4c865818f1327798182526][DEFAULT][/testlink/lib/general/mainPage.php][10/Sep/7 15:19:52][10/Sep/7 15:19:53][took 0.02716 secs]
[<<][4c865818e1a9e282754561][DEFAULT][/testlink/lib/general/navBar.php][10/Sep/7 15:19:52][10/Sep/7 15:19:53][took 0.103109 secs]
[>>][4c86581906ca3304077041][DEFAULT][/testlink/lib/general/navBar.php][10/Sep/7 15:19:53]
[<<][4c86581906ca3304077041][DEFAULT][/testlink/lib/general/navBar.php][10/Sep/7 15:19:53][10/Sep/7 15:19:53][took 0.01833 secs]
[<<][4c86581c25d19670772361][DEFAULT][/testlink/lib/project/projectView.php][10/Sep/7 15:19:56][10/Sep/7 15:19:56][took 0.065307 secs]
[>>][4c86581c35e6f028373109][DEFAULT][/testlink/lib/project/projectView.php][10/Sep/7 15:19:56]
[<<][4c86581c35e6f028373109][DEFAULT][/testlink/lib/project/projectView.php][10/Sep/7 15:19:56][10/Sep/7 15:19:56][took 0.048662 secs]
[<<][4c86581f0aff1074901870][DEFAULT][/testlink/lib/project/projectEdit.php][10/Sep/7 15:19:59][10/Sep/7 15:19:59][took 0.06674 secs]
[>>][4c86581f1b649214084785][DEFAULT][/testlink/lib/project/projectEdit.php][10/Sep/7 15:19:59]
[<<][4c86581f1b649214084785][DEFAULT][/testlink/lib/project/projectEdit.php][10/Sep/7 15:19:59][10/Sep/7 15:19:59][took 0.022837 secs]
[<<][4c86585711d24463833003][DEFAULT][/testlink/lib/project/projectEdit.php][10/Sep/7 15:20:55][10/Sep/7 15:20:55][took 0.066995 secs]
[>>][4c865857224d7393923153][DEFAULT][/testlink/lib/project/projectEdit.php][10/Sep/7 15:20:55]
	[10/Sep/7 15:20:55][AUDIT][l2d02mekukt0tuqh9r2nlvqvn3][GUI]
		Test Project 'Regression SIP' was created
[<<][4c865857224d7393923153][DEFAULT][/testlink/lib/project/projectEdit.php][10/Sep/7 15:20:55][10/Sep/7 15:20:55][took 0.06685 secs]
[<<][4c8658577436a041080795][DEFAULT][/testlink/lib/general/navBar.php][10/Sep/7 15:20:55][10/Sep/7 15:20:55][took 0.065259 secs]
[>>][4c86585784487725679910][DEFAULT][/testlink/lib/general/navBar.php][10/Sep/7 15:20:55]
[<<][4c86585784487725679910][DEFAULT][/testlink/lib/general/navBar.php][10/Sep/7 15:20:55][10/Sep/7 15:20:55][took 0.027913 secs]
[<<][4c86585d43230688191245][DEFAULT][/testlink/lib/project/projectEdit.php][10/Sep/7 15:21:01][10/Sep/7 15:21:01][took 0.086591 secs]
[>>][4c86585d58626693405836][DEFAULT][/testlink/lib/project/projectEdit.php][10/Sep/7 15:21:01]
[<<][4c86585d58626693405836][DEFAULT][/testlink/lib/project/projectEdit.php][10/Sep/7 15:21:01][10/Sep/7 15:21:01][took 0.031457 secs]
[<<][4c86586136778277171427][DEFAULT][/testlink/lib/project/projectEdit.php][10/Sep/7 15:21:05][10/Sep/7 15:21:05][took 0.066873 secs]
[>>][4c86586146e58816269253][DEFAULT][/testlink/lib/project/projectEdit.php][10/Sep/7 15:21:05]
	[10/Sep/7 15:21:05][AUDIT][l2d02mekukt0tuqh9r2nlvqvn3][GUI]
		Test Project 'Regression SIP' was saved
[<<][4c86586146e58816269253][DEFAULT][/testlink/lib/project/projectEdit.php][10/Sep/7 15:21:05][10/Sep/7 15:21:05][took 0.023227 secs]
[<<][4c86586480c50630110988][DEFAULT][/testlink/index.php][10/Sep/7 15:21:08][10/Sep/7 15:21:08][took 0.067683 secs]
[<<][4c8658649926f067887010][DEFAULT][/testlink/lib/general/navBar.php][10/Sep/7 15:21:08][10/Sep/7 15:21:08][took 0.069875 secs]
[>>][4c865864aa514084101064][DEFAULT][/testlink/lib/general/navBar.php][10/Sep/7 15:21:08]
[<<][4c865864aa514084101064][DEFAULT][/testlink/lib/general/navBar.php][10/Sep/7 15:21:08][10/Sep/7 15:21:08][took 0.023951 secs]
[<<][4c8658649948f185484697][DEFAULT][/testlink/lib/general/mainPage.php][10/Sep/7 15:21:08][10/Sep/7 15:21:08][took 0.105091 secs]
[>>][4c865864b30f4700089229][DEFAULT][/testlink/lib/general/mainPage.php][10/Sep/7 15:21:08]
[<<][4c865864b30f4700089229][DEFAULT][/testlink/lib/general/mainPage.php][10/Sep/7 15:21:08][10/Sep/7 15:21:08][took 0.036567 secs]
[<<][4c865869dc03d402305489][DEFAULT][/testlink/lib/plan/planView.php][10/Sep/7 15:21:13][10/Sep/7 15:21:13][took 0.065617 secs]
[>>][4c865869ec22b627967446][DEFAULT][/testlink/lib/plan/planView.php][10/Sep/7 15:21:13]
[<<][4c865869ec22b627967446][DEFAULT][/testlink/lib/plan/planView.php][10/Sep/7 15:21:13][10/Sep/7 15:21:13][took 0.02508 secs]
[<<][4c8658724a1c9440396043][DEFAULT][/testlink/index.php][10/Sep/7 15:21:22][10/Sep/7 15:21:22][took 0.070391 secs]
[<<][4c86587263be9961980583][DEFAULT][/testlink/lib/general/mainPage.php][10/Sep/7 15:21:22][10/Sep/7 15:21:22][took 0.077743 secs]
[>>][4c86587276d37529356110][DEFAULT][/testlink/lib/general/mainPage.php][10/Sep/7 15:21:22]
[<<][4c86587276d37529356110][DEFAULT][/testlink/lib/general/mainPage.php][10/Sep/7 15:21:22][10/Sep/7 15:21:22][took 0.028321 secs]
[<<][4c86587264899954195451][DEFAULT][/testlink/lib/general/navBar.php][10/Sep/7 15:21:22][10/Sep/7 15:21:22][took 0.112784 secs]
[>>][4c865872802d4699227361][DEFAULT][/testlink/lib/general/navBar.php][10/Sep/7 15:21:22]
[<<][4c865872802d4699227361][DEFAULT][/testlink/lib/general/navBar.php][10/Sep/7 15:21:22][10/Sep/7 15:21:22][took 0.02072 secs]
[<<][4c8658770860d707383318][DEFAULT][/testlink/lib/cfields/cfieldsView.php][10/Sep/7 15:21:27][10/Sep/7 15:21:27][took 0.072039 secs]
[>>][4c8658771a205384240112][DEFAULT][/testlink/lib/cfields/cfieldsView.php][10/Sep/7 15:21:27]
[<<][4c8658771a205384240112][DEFAULT][/testlink/lib/cfields/cfieldsView.php][10/Sep/7 15:21:27][10/Sep/7 15:21:27][took 0.058026 secs]
[<<][4c865878e037a934915026][DEFAULT][/testlink/index.php][10/Sep/7 15:21:28][10/Sep/7 15:21:28][took 0.065555 secs]
[<<][4c865879045f5089483037][DEFAULT][/testlink/lib/general/navBar.php][10/Sep/7 15:21:29][10/Sep/7 15:21:29][took 0.06644 secs]
[>>][4c86587914b57969789749][DEFAULT][/testlink/lib/general/navBar.php][10/Sep/7 15:21:29]
[<<][4c86587914b57969789749][DEFAULT][/testlink/lib/general/navBar.php][10/Sep/7 15:21:29][10/Sep/7 15:21:29][took 0.018948 secs]
[<<][4c86587903766389873061][DEFAULT][/testlink/lib/general/mainPage.php][10/Sep/7 15:21:29][10/Sep/7 15:21:29][took 0.103971 secs]
[>>][4c8658791cf6d062124979][DEFAULT][/testlink/lib/general/mainPage.php][10/Sep/7 15:21:29]
[<<][4c8658791cf6d062124979][DEFAULT][/testlink/lib/general/mainPage.php][10/Sep/7 15:21:29][10/Sep/7 15:21:29][took 0.032623 secs]
[<<][4c865880edca3202524826][DEFAULT][/testlink/lib/general/frmWorkArea.php][10/Sep/7 15:21:36][10/Sep/7 15:21:37][took 0.065611 secs]
[>>][4c86588109d20840933504][DEFAULT][/testlink/lib/general/frmWorkArea.php][10/Sep/7 15:21:37]
[<<][4c86588109d20840933504][DEFAULT][/testlink/lib/general/frmWorkArea.php][10/Sep/7 15:21:37][10/Sep/7 15:21:37][took 0.016691 secs]
[<<][4c86588119eb5818719239][DEFAULT][/lib/requirements/reqSpecListTree.php][10/Sep/7 15:21:37][10/Sep/7 15:21:37][took 0.085523 secs]
[>>][4c8658812eec4929599080][DEFAULT][/lib/requirements/reqSpecListTree.php][10/Sep/7 15:21:37]
[<<][4c8658812eec4929599080][DEFAULT][/lib/requirements/reqSpecListTree.php][10/Sep/7 15:21:37][10/Sep/7 15:21:37][took 0.10835 secs]
[<<][4c8658811dc4b439295156][DEFAULT][/testlink/lib/general/staticPage.php][10/Sep/7 15:21:37][10/Sep/7 15:21:37][took 0.198715 secs]
[>>][4c8658814e64d434558429][DEFAULT][/testlink/lib/general/staticPage.php][10/Sep/7 15:21:37]
[<<][4c8658814e64d434558429][DEFAULT][/testlink/lib/general/staticPage.php][10/Sep/7 15:21:37][10/Sep/7 15:21:37][took 0.019938 secs]
[<<][4c865881a8ad8039950699][DEFAULT][/testlink/lib/ajax/getrequirementnodes.php][10/Sep/7 15:21:37][10/Sep/7 15:21:37][took 0.066065 secs]
[>>][4c865881b8e71666340992][DEFAULT][/testlink/lib/ajax/getrequirementnodes.php][10/Sep/7 15:21:37]
[<<][4c865881b8e71666340992][DEFAULT][/testlink/lib/ajax/getrequirementnodes.php][10/Sep/7 15:21:37][10/Sep/7 15:21:37][took 0.016667 secs]
