	[10/Sep/21 16:00:32][AUDIT][9phd6gmpkqtfel4usmv2b6jmm5][GUI]
		Login for 'test' from '10.2.32.13' succeeded
[<<][4c98d6a0782c0672358866][DEFAULT][/testlink/login.php][10/Sep/21 16:00:32][10/Sep/21 16:00:32][took 0.009767 secs]
[<<][4c98d6a083bee146961887][DEFAULT][/testlink/index.php][10/Sep/21 16:00:32][10/Sep/21 16:00:32][took 0.065076 secs]
[<<][4c98d6a09c20e890040651][DEFAULT][/testlink/lib/general/navBar.php][10/Sep/21 16:00:32][10/Sep/21 16:00:32][took 0.066127 secs]
[>>][4c98d6a0ac5e2649692382][DEFAULT][/testlink/lib/general/navBar.php][10/Sep/21 16:00:32]
[<<][4c98d6a0ac5e2649692382][DEFAULT][/testlink/lib/general/navBar.php][10/Sep/21 16:00:32][10/Sep/21 16:00:32][took 0.018209 secs]
[<<][4c98d6a09b55d640802284][DEFAULT][/testlink/lib/general/mainPage.php][10/Sep/21 16:00:32][10/Sep/21 16:00:32][took 0.099786 secs]
[>>][4c98d6a0b3ce6508665903][DEFAULT][/testlink/lib/general/mainPage.php][10/Sep/21 16:00:32]
[<<][4c98d6a0b3ce6508665903][DEFAULT][/testlink/lib/general/mainPage.php][10/Sep/21 16:00:32][10/Sep/21 16:00:32][took 0.031529 secs]
[<<][4c98d6a63e658651360279][DEFAULT][/testlink/lib/results/metricsDashboard.php][10/Sep/21 16:00:38][10/Sep/21 16:00:38][took 0.065175 secs]
[>>][4c98d6a64e678779992102][DEFAULT][/testlink/lib/results/metricsDashboard.php][10/Sep/21 16:00:38]
[<<][4c98d6a64e678779992102][DEFAULT][/testlink/lib/results/metricsDashboard.php][10/Sep/21 16:00:38][10/Sep/21 16:00:38][took 0.078371 secs]
[<<][4c98d6a817ebb909707388][DEFAULT][/testlink/index.php][10/Sep/21 16:00:40][10/Sep/21 16:00:40][took 0.064296 secs]
[<<][4c98d6a8323ee720304201][DEFAULT][/testlink/lib/general/navBar.php][10/Sep/21 16:00:40][10/Sep/21 16:00:40][took 0.066649 secs]
[>>][4c98d6a8429dd256743652][DEFAULT][/testlink/lib/general/navBar.php][10/Sep/21 16:00:40]
[<<][4c98d6a8429dd256743652][DEFAULT][/testlink/lib/general/navBar.php][10/Sep/21 16:00:40][10/Sep/21 16:00:40][took 0.015784 secs]
[<<][4c98d6a830b91104803394][DEFAULT][/testlink/lib/general/mainPage.php][10/Sep/21 16:00:40][10/Sep/21 16:00:40][took 0.099894 secs]
[>>][4c98d6a849370537308299][DEFAULT][/testlink/lib/general/mainPage.php][10/Sep/21 16:00:40]
[<<][4c98d6a849370537308299][DEFAULT][/testlink/lib/general/mainPage.php][10/Sep/21 16:00:40][10/Sep/21 16:00:40][took 0.032466 secs]
[<<][4c98d6ac3e8b7393716472][DEFAULT][/testlink/logout.php][10/Sep/21 16:00:44][10/Sep/21 16:00:44][took 0.065204 secs]
[>>][4c98d6ac4e8f9103919545][DEFAULT][/testlink/logout.php][10/Sep/21 16:00:44]
	[10/Sep/21 16:00:44][AUDIT][9phd6gmpkqtfel4usmv2b6jmm5][GUI]
		Logout of 'test'
	[10/Sep/21 16:01:22][AUDIT][9phd6gmpkqtfel4usmv2b6jmm5][GUI]
		Login for 'test' from '10.2.32.13' succeeded
[<<][4c98d6d27ebaa796475058][DEFAULT][/testlink/login.php][10/Sep/21 16:01:22][10/Sep/21 16:01:22][took 0.0093519999999999 secs]
[<<][4c98d6d28d05e611904083][DEFAULT][/testlink/index.php][10/Sep/21 16:01:22][10/Sep/21 16:01:22][took 0.065155 secs]
[<<][4c98d6d2a5800840788862][DEFAULT][/testlink/lib/general/mainPage.php][10/Sep/21 16:01:22][10/Sep/21 16:01:22][took 0.072155 secs]
[>>][4c98d6d2b7377557260474][DEFAULT][/testlink/lib/general/mainPage.php][10/Sep/21 16:01:22]
[<<][4c98d6d2b7377557260474][DEFAULT][/testlink/lib/general/mainPage.php][10/Sep/21 16:01:22][10/Sep/21 16:01:22][took 0.029433 secs]
[<<][4c98d6d2a84fd010377959][DEFAULT][/testlink/lib/general/navBar.php][10/Sep/21 16:01:22][10/Sep/21 16:01:22][took 0.101159 secs]
[>>][4c98d6d2c11f7047327934][DEFAULT][/testlink/lib/general/navBar.php][10/Sep/21 16:01:22]
[<<][4c98d6d2c11f7047327934][DEFAULT][/testlink/lib/general/navBar.php][10/Sep/21 16:01:22][10/Sep/21 16:01:22][took 0.020274 secs]
[<<][4c98d6d552b63028928110][DEFAULT][/testlink/lib/testcases/tcAssignedToUser.php][10/Sep/21 16:01:25][10/Sep/21 16:01:25][took 0.077579 secs]
[>>][4c98d6d565bf9578429938][DEFAULT][/testlink/lib/testcases/tcAssignedToUser.php][10/Sep/21 16:01:25]
[<<][4c98d6d565bf9578429938][DEFAULT][/testlink/lib/testcases/tcAssignedToUser.php][10/Sep/21 16:01:25][10/Sep/21 16:01:25][took 0.054864 secs]
[<<][4c98d6d877251760869344][DEFAULT][/testlink/index.php][10/Sep/21 16:01:28][10/Sep/21 16:01:28][took 0.064712 secs]
[<<][4c98d6d89032b071540895][DEFAULT][/testlink/lib/general/navBar.php][10/Sep/21 16:01:28][10/Sep/21 16:01:28][took 0.06785 secs]
[>>][4c98d6d8a0e2b396947610][DEFAULT][/testlink/lib/general/navBar.php][10/Sep/21 16:01:28]
[<<][4c98d6d8a0e2b396947610][DEFAULT][/testlink/lib/general/navBar.php][10/Sep/21 16:01:28][10/Sep/21 16:01:28][took 0.01601 secs]
[<<][4c98d6d88ea50514656730][DEFAULT][/testlink/lib/general/mainPage.php][10/Sep/21 16:01:28][10/Sep/21 16:01:28][took 0.100122 secs]
[>>][4c98d6d8a7315103000272][DEFAULT][/testlink/lib/general/mainPage.php][10/Sep/21 16:01:28]
[<<][4c98d6d8a7315103000272][DEFAULT][/testlink/lib/general/mainPage.php][10/Sep/21 16:01:28][10/Sep/21 16:01:28][took 0.031045 secs]
[<<][4c98d6da85558685584611][DEFAULT][/testlink/lib/general/navBar.php][10/Sep/21 16:01:30][10/Sep/21 16:01:30][took 0.065649 secs]
[>>][4c98d6da95753724718687][DEFAULT][/testlink/lib/general/navBar.php][10/Sep/21 16:01:30]
[<<][4c98d6da95753724718687][DEFAULT][/testlink/lib/general/navBar.php][10/Sep/21 16:01:30][10/Sep/21 16:01:30][took 0.016516 secs]
[<<][4c98d6daaf791130137531][DEFAULT][/testlink/lib/general/mainPage.php][10/Sep/21 16:01:30][10/Sep/21 16:01:30][took 0.065082 secs]
[>>][4c98d6dabf75a357042955][DEFAULT][/testlink/lib/general/mainPage.php][10/Sep/21 16:01:30]
[<<][4c98d6dabf75a357042955][DEFAULT][/testlink/lib/general/mainPage.php][10/Sep/21 16:01:30][10/Sep/21 16:01:30][took 0.049986 secs]
[<<][4c98d6dc3458a865033849][DEFAULT][/testlink/lib/testcases/tcAssignedToUser.php][10/Sep/21 16:01:32][10/Sep/21 16:01:32][took 0.066415 secs]
[>>][4c98d6dc44a93337134728][DEFAULT][/testlink/lib/testcases/tcAssignedToUser.php][10/Sep/21 16:01:32]
[<<][4c98d6dc44a93337134728][DEFAULT][/testlink/lib/testcases/tcAssignedToUser.php][10/Sep/21 16:01:32][10/Sep/21 16:01:32][took 0.162922 secs]
[<<][4c98d6e69e5d9102432428][DEFAULT][/testlink/lib/testcases/archiveData.php][10/Sep/21 16:01:42][10/Sep/21 16:01:42][took 0.069565 secs]
[>>][4c98d6e6af736432846878][DEFAULT][/testlink/lib/testcases/archiveData.php][10/Sep/21 16:01:42]
	[10/Sep/21 16:01:42][WARNING][9phd6gmpkqtfel4usmv2b6jmm5][GUI]
		E_NOTICE
Undefined index:  has_been_executed - in /var/www/html/testlink/gui/templates_c/%%2E^2E1^2E11686C%%tcView_viewer.tpl.php - Line 229
	[10/Sep/21 16:01:42][WARNING][9phd6gmpkqtfel4usmv2b6jmm5][GUI]
		E_NOTICE
Undefined index:  edit_enabled - in /var/www/html/testlink/gui/templates_c/%%2E^2E1^2E11686C%%tcView_viewer.tpl.php - Line 329
[<<][4c98d6e6af736432846878][DEFAULT][/testlink/lib/testcases/archiveData.php][10/Sep/21 16:01:42][10/Sep/21 16:01:42][took 0.06683 secs]
[<<][4c98d6ea9c0a3265497713][DEFAULT][/testlink/lib/testcases/tcAssignedToUser.php][10/Sep/21 16:01:46][10/Sep/21 16:01:46][took 0.065931 secs]
[>>][4c98d6eaac3bd108973769][DEFAULT][/testlink/lib/testcases/tcAssignedToUser.php][10/Sep/21 16:01:46]
[<<][4c98d6eaac3bd108973769][DEFAULT][/testlink/lib/testcases/tcAssignedToUser.php][10/Sep/21 16:01:46][10/Sep/21 16:01:46][took 0.121349 secs]
[<<][4c98d6f5f39a9043883052][DEFAULT][/testlink/lib/testcases/tcAssignedToUser.php][10/Sep/21 16:01:57][10/Sep/21 16:01:58][took 0.070398 secs]
[>>][4c98d6f610c1f098934060][DEFAULT][/testlink/lib/testcases/tcAssignedToUser.php][10/Sep/21 16:01:58]
[<<][4c98d6f610c1f098934060][DEFAULT][/testlink/lib/testcases/tcAssignedToUser.php][10/Sep/21 16:01:58][10/Sep/21 16:01:58][took 0.122466 secs]
[<<][4c98d6fc791e6466427752][DEFAULT][/testlink/lib/testcases/archiveData.php][10/Sep/21 16:02:04][10/Sep/21 16:02:04][took 0.067984 secs]
[>>][4c98d6fc89d0a212164664][DEFAULT][/testlink/lib/testcases/archiveData.php][10/Sep/21 16:02:04]
	[10/Sep/21 16:02:04][WARNING][9phd6gmpkqtfel4usmv2b6jmm5][GUI]
		E_NOTICE
Undefined index:  has_been_executed - in /var/www/html/testlink/gui/templates_c/%%2E^2E1^2E11686C%%tcView_viewer.tpl.php - Line 229
	[10/Sep/21 16:02:04][WARNING][9phd6gmpkqtfel4usmv2b6jmm5][GUI]
		E_NOTICE
Undefined index:  edit_enabled - in /var/www/html/testlink/gui/templates_c/%%2E^2E1^2E11686C%%tcView_viewer.tpl.php - Line 329
[<<][4c98d6fc89d0a212164664][DEFAULT][/testlink/lib/testcases/archiveData.php][10/Sep/21 16:02:04][10/Sep/21 16:02:04][took 0.053635 secs]
[<<][4c98d704639e5812441255][DEFAULT][/testlink/lib/testcases/tcAssignedToUser.php][10/Sep/21 16:02:12][10/Sep/21 16:02:12][took 0.069806 secs]
[>>][4c98d70474c9a001095597][DEFAULT][/testlink/lib/testcases/tcAssignedToUser.php][10/Sep/21 16:02:12]
[<<][4c98d70474c9a001095597][DEFAULT][/testlink/lib/testcases/tcAssignedToUser.php][10/Sep/21 16:02:12][10/Sep/21 16:02:12][took 0.123974 secs]
[<<][4c98d70cb85f4680241672][DEFAULT][/testlink/index.php][10/Sep/21 16:02:20][10/Sep/21 16:02:20][took 0.063903 secs]
[<<][4c98d70cd03de051361424][DEFAULT][/testlink/lib/general/mainPage.php][10/Sep/21 16:02:20][10/Sep/21 16:02:20][took 0.066339 secs]
[>>][4c98d70ce089f262493861][DEFAULT][/testlink/lib/general/mainPage.php][10/Sep/21 16:02:20]
[<<][4c98d70ce089f262493861][DEFAULT][/testlink/lib/general/mainPage.php][10/Sep/21 16:02:20][10/Sep/21 16:02:20][took 0.044831 secs]
[<<][4c98d70cd1e12818591718][DEFAULT][/testlink/lib/general/navBar.php][10/Sep/21 16:02:20][10/Sep/21 16:02:20][took 0.115065 secs]
[>>][4c98d70cee136356574419][DEFAULT][/testlink/lib/general/navBar.php][10/Sep/21 16:02:20]
[<<][4c98d70cee136356574419][DEFAULT][/testlink/lib/general/navBar.php][10/Sep/21 16:02:20][10/Sep/21 16:02:20][took 0.017113 secs]
[<<][4c98d70eb73ff911140557][DEFAULT][/testlink/lib/general/frmWorkArea.php][10/Sep/21 16:02:22][10/Sep/21 16:02:22][took 0.06472 secs]
[>>][4c98d70ec725a378344731][DEFAULT][/testlink/lib/general/frmWorkArea.php][10/Sep/21 16:02:22]
[<<][4c98d70ec725a378344731][DEFAULT][/testlink/lib/general/frmWorkArea.php][10/Sep/21 16:02:22][10/Sep/21 16:02:22][took 0.038766 secs]
[<<][4c98d70eda386928161530][DEFAULT][/testlink/lib/general/staticPage.php][10/Sep/21 16:02:22][10/Sep/21 16:02:22][took 0.06768 secs]
[>>][4c98d70eead7b673026037][DEFAULT][/testlink/lib/general/staticPage.php][10/Sep/21 16:02:22]
[<<][4c98d70eead7b673026037][DEFAULT][/testlink/lib/general/staticPage.php][10/Sep/21 16:02:22][10/Sep/21 16:02:22][took 0.006777 secs]
[<<][4c98d70edcbe4780683930][DEFAULT][/testlink/lib/execute/execNavigator.php][10/Sep/21 16:02:22][10/Sep/21 16:02:22][took 0.076145 secs]
[>>][4c98d70eef80a152920079][DEFAULT][/testlink/lib/execute/execNavigator.php][10/Sep/21 16:02:22]
[<<][4c98d70eef80a152920079][DEFAULT][/testlink/lib/execute/execNavigator.php][10/Sep/21 16:02:22][10/Sep/21 16:02:23][took 0.104617 secs]
[<<][4c98d714c2cd6797295162][DEFAULT][/testlink/lib/execute/execNavigator.php][10/Sep/21 16:02:28][10/Sep/21 16:02:28][took 0.066707 secs]
[>>][4c98d714d32fc503033450][DEFAULT][/testlink/lib/execute/execNavigator.php][10/Sep/21 16:02:28]
[<<][4c98d714d32fc503033450][DEFAULT][/testlink/lib/execute/execNavigator.php][10/Sep/21 16:02:28][10/Sep/21 16:02:28][took 0.101068 secs]
[<<][4c98d7178ccd1385820771][DEFAULT][/testlink/lib/execute/execSetResults.php][10/Sep/21 16:02:31][10/Sep/21 16:02:31][took 0.069386 secs]
[>>][4c98d7179ddd1686748454][DEFAULT][/testlink/lib/execute/execSetResults.php][10/Sep/21 16:02:31]
[<<][4c98d7179ddd1686748454][DEFAULT][/testlink/lib/execute/execSetResults.php][10/Sep/21 16:02:31][10/Sep/21 16:02:31][took 0.07886 secs]
[<<][4c98d71f71434420765487][DEFAULT][/testlink/lib/general/frmWorkArea.php][10/Sep/21 16:02:39][10/Sep/21 16:02:39][took 0.064621 secs]
[>>][4c98d71f81235890197544][DEFAULT][/testlink/lib/general/frmWorkArea.php][10/Sep/21 16:02:39]
[<<][4c98d71f81235890197544][DEFAULT][/testlink/lib/general/frmWorkArea.php][10/Sep/21 16:02:39][10/Sep/21 16:02:39][took 0.040482 secs]
[<<][4c98d71f93edb463048789][DEFAULT][/testlink/lib/execute/execNavigator.php][10/Sep/21 16:02:39][10/Sep/21 16:02:39][took 0.067654 secs]
[>>][4c98d71fa48cc801922894][DEFAULT][/testlink/lib/execute/execNavigator.php][10/Sep/21 16:02:39]
[<<][4c98d71fa48cc801922894][DEFAULT][/testlink/lib/execute/execNavigator.php][10/Sep/21 16:02:39][10/Sep/21 16:02:39][took 0.101549 secs]
[<<][4c98d71f94554698814196][DEFAULT][/testlink/lib/general/staticPage.php][10/Sep/21 16:02:39][10/Sep/21 16:02:39][took 0.178796 secs]
[>>][4c98d71fc0190481123441][DEFAULT][/testlink/lib/general/staticPage.php][10/Sep/21 16:02:39]
[<<][4c98d71fc0190481123441][DEFAULT][/testlink/lib/general/staticPage.php][10/Sep/21 16:02:39][10/Sep/21 16:02:39][took 0.007776 secs]
[<<][4c98d721f380b699567252][DEFAULT][/testlink/lib/execute/execSetResults.php][10/Sep/21 16:02:41][10/Sep/21 16:02:42][took 0.070543 secs]
[>>][4c98d72210b38661556847][DEFAULT][/testlink/lib/execute/execSetResults.php][10/Sep/21 16:02:42]
[<<][4c98d72210b38661556847][DEFAULT][/testlink/lib/execute/execSetResults.php][10/Sep/21 16:02:42][10/Sep/21 16:02:42][took 0.080706 secs]
[<<][4c98d72835086615496213][DEFAULT][/testlink/index.php][10/Sep/21 16:02:48][10/Sep/21 16:02:48][took 0.064556 secs]
[<<][4c98d7284d0c2788276456][DEFAULT][/testlink/lib/general/mainPage.php][10/Sep/21 16:02:48][10/Sep/21 16:02:48][took 0.070372 secs]
[>>][4c98d7285e540217212727][DEFAULT][/testlink/lib/general/mainPage.php][10/Sep/21 16:02:48]
[<<][4c98d7285e540217212727][DEFAULT][/testlink/lib/general/mainPage.php][10/Sep/21 16:02:48][10/Sep/21 16:02:48][took 0.044248 secs]
[<<][4c98d728507af725333448][DEFAULT][/testlink/lib/general/navBar.php][10/Sep/21 16:02:48][10/Sep/21 16:02:48][took 0.112726 secs]
[>>][4c98d7286c207700163734][DEFAULT][/testlink/lib/general/navBar.php][10/Sep/21 16:02:48]
[<<][4c98d7286c207700163734][DEFAULT][/testlink/lib/general/navBar.php][10/Sep/21 16:02:48][10/Sep/21 16:02:48][took 0.017282 secs]
[<<][4c98d72c877f2086668014][DEFAULT][/testlink/lib/general/frmWorkArea.php][10/Sep/21 16:02:52][10/Sep/21 16:02:52][took 0.065664 secs]
[>>][4c98d72c97a00113322721][DEFAULT][/testlink/lib/general/frmWorkArea.php][10/Sep/21 16:02:52]
[<<][4c98d72c97a00113322721][DEFAULT][/testlink/lib/general/frmWorkArea.php][10/Sep/21 16:02:52][10/Sep/21 16:02:52][took 0.005108 secs]
[<<][4c98d72ca0c75521337376][DEFAULT][/testlink/lib/general/staticPage.php][10/Sep/21 16:02:52][10/Sep/21 16:02:52][took 0.067415 secs]
[>>][4c98d72cb1561821986883][DEFAULT][/testlink/lib/general/staticPage.php][10/Sep/21 16:02:52]
[<<][4c98d72cb1561821986883][DEFAULT][/testlink/lib/general/staticPage.php][10/Sep/21 16:02:52][10/Sep/21 16:02:52][took 0.006715 secs]
[<<][4c98d72ca3a82813552117][DEFAULT][/testlink/lib/testcases/listTestCases.php][10/Sep/21 16:02:52][10/Sep/21 16:02:52][took 0.076187 secs]
[>>][4c98d72cb65b8108064835][DEFAULT][/testlink/lib/testcases/listTestCases.php][10/Sep/21 16:02:52]
[<<][4c98d72cb65b8108064835][DEFAULT][/testlink/lib/testcases/listTestCases.php][10/Sep/21 16:02:52][10/Sep/21 16:02:52][took 0.130023 secs]
[<<][4c98d72d45e14374352375][DEFAULT][/testlink/lib/ajax/gettprojectnodes.php][10/Sep/21 16:02:53][10/Sep/21 16:02:53][took 0.064573 secs]
[>>][4c98d72d55bcc453238850][DEFAULT][/testlink/lib/ajax/gettprojectnodes.php][10/Sep/21 16:02:53]
[<<][4c98d72d55bcc453238850][DEFAULT][/testlink/lib/ajax/gettprojectnodes.php][10/Sep/21 16:02:53][10/Sep/21 16:02:53][took 0.029478 secs]
[<<][4c98d72d74059325891016][DEFAULT][/testlink/lib/ajax/gettprojectnodes.php][10/Sep/21 16:02:53][10/Sep/21 16:02:53][took 0.069413 secs]
[>>][4c98d72d850fc316824071][DEFAULT][/testlink/lib/ajax/gettprojectnodes.php][10/Sep/21 16:02:53]
[<<][4c98d72d850fc316824071][DEFAULT][/testlink/lib/ajax/gettprojectnodes.php][10/Sep/21 16:02:53][10/Sep/21 16:02:53][took 0.0038790000000001 secs]
[<<][4c98d72e6dfb2406836271][DEFAULT][/testlink/lib/ajax/gettprojectnodes.php][10/Sep/21 16:02:54][10/Sep/21 16:02:54][took 0.064561 secs]
[>>][4c98d72e7dd72431557865][DEFAULT][/testlink/lib/ajax/gettprojectnodes.php][10/Sep/21 16:02:54]
[<<][4c98d72e7dd72431557865][DEFAULT][/testlink/lib/ajax/gettprojectnodes.php][10/Sep/21 16:02:54][10/Sep/21 16:02:54][took 0.024391 secs]
[<<][4c98d72f43a22578547601][DEFAULT][/testlink/lib/ajax/gettprojectnodes.php][10/Sep/21 16:02:55][10/Sep/21 16:02:55][took 0.06475 secs]
[>>][4c98d72f5388e712580470][DEFAULT][/testlink/lib/ajax/gettprojectnodes.php][10/Sep/21 16:02:55]
[<<][4c98d72f5388e712580470][DEFAULT][/testlink/lib/ajax/gettprojectnodes.php][10/Sep/21 16:02:55][10/Sep/21 16:02:55][took 0.014796 secs]
[<<][4c98d733c7c64827162229][DEFAULT][/testlink/lib/testcases/archiveData.php][10/Sep/21 16:02:59][10/Sep/21 16:02:59][took 0.068081 secs]
[>>][4c98d733d87ed183718037][DEFAULT][/testlink/lib/testcases/archiveData.php][10/Sep/21 16:02:59]
	[10/Sep/21 16:02:59][WARNING][9phd6gmpkqtfel4usmv2b6jmm5][GUI]
		E_NOTICE
Undefined index:  has_been_executed - in /var/www/html/testlink/gui/templates_c/%%2E^2E1^2E11686C%%tcView_viewer.tpl.php - Line 229
	[10/Sep/21 16:02:59][WARNING][9phd6gmpkqtfel4usmv2b6jmm5][GUI]
		E_NOTICE
Undefined index:  edit_enabled - in /var/www/html/testlink/gui/templates_c/%%2E^2E1^2E11686C%%tcView_viewer.tpl.php - Line 329
[<<][4c98d733d87ed183718037][DEFAULT][/testlink/lib/testcases/archiveData.php][10/Sep/21 16:02:59][10/Sep/21 16:02:59][took 0.056031 secs]
[<<][4c98d7351e83e730798674][DEFAULT][/testlink/lib/testcases/archiveData.php][10/Sep/21 16:03:01][10/Sep/21 16:03:01][took 0.067797 secs]
[>>][4c98d7352f298055162819][DEFAULT][/testlink/lib/testcases/archiveData.php][10/Sep/21 16:03:01]
	[10/Sep/21 16:03:01][WARNING][9phd6gmpkqtfel4usmv2b6jmm5][GUI]
		E_NOTICE
Undefined index:  has_been_executed - in /var/www/html/testlink/gui/templates_c/%%2E^2E1^2E11686C%%tcView_viewer.tpl.php - Line 229
	[10/Sep/21 16:03:01][WARNING][9phd6gmpkqtfel4usmv2b6jmm5][GUI]
		E_NOTICE
Undefined index:  edit_enabled - in /var/www/html/testlink/gui/templates_c/%%2E^2E1^2E11686C%%tcView_viewer.tpl.php - Line 329
[<<][4c98d7352f298055162819][DEFAULT][/testlink/lib/testcases/archiveData.php][10/Sep/21 16:03:01][10/Sep/21 16:03:01][took 0.056287 secs]
[<<][4c98d7392ec50783339437][DEFAULT][/testlink/lib/testcases/archiveData.php][10/Sep/21 16:03:05][10/Sep/21 16:03:05][took 0.067715 secs]
[>>][4c98d7393f65e932376479][DEFAULT][/testlink/lib/testcases/archiveData.php][10/Sep/21 16:03:05]
	[10/Sep/21 16:03:05][WARNING][9phd6gmpkqtfel4usmv2b6jmm5][GUI]
		E_NOTICE
Undefined index:  has_been_executed - in /var/www/html/testlink/gui/templates_c/%%2E^2E1^2E11686C%%tcView_viewer.tpl.php - Line 229
	[10/Sep/21 16:03:05][WARNING][9phd6gmpkqtfel4usmv2b6jmm5][GUI]
		E_NOTICE
Undefined index:  edit_enabled - in /var/www/html/testlink/gui/templates_c/%%2E^2E1^2E11686C%%tcView_viewer.tpl.php - Line 329
[<<][4c98d7393f65e932376479][DEFAULT][/testlink/lib/testcases/archiveData.php][10/Sep/21 16:03:05][10/Sep/21 16:03:05][took 0.055131 secs]
[<<][4c98d73ecf551403375346][DEFAULT][/testlink/lib/testcases/archiveData.php][10/Sep/21 16:03:10][10/Sep/21 16:03:10][took 0.067822 secs]
[>>][4c98d73edffd2115933602][DEFAULT][/testlink/lib/testcases/archiveData.php][10/Sep/21 16:03:10]
	[10/Sep/21 16:03:10][WARNING][9phd6gmpkqtfel4usmv2b6jmm5][GUI]
		E_NOTICE
Undefined index:  has_been_executed - in /var/www/html/testlink/gui/templates_c/%%2E^2E1^2E11686C%%tcView_viewer.tpl.php - Line 229
	[10/Sep/21 16:03:10][WARNING][9phd6gmpkqtfel4usmv2b6jmm5][GUI]
		E_NOTICE
Undefined index:  edit_enabled - in /var/www/html/testlink/gui/templates_c/%%2E^2E1^2E11686C%%tcView_viewer.tpl.php - Line 329
[<<][4c98d73edffd2115933602][DEFAULT][/testlink/lib/testcases/archiveData.php][10/Sep/21 16:03:10][10/Sep/21 16:03:10][took 0.058873 secs]
[<<][4c98d741d9e70325668824][DEFAULT][/testlink/index.php][10/Sep/21 16:03:13][10/Sep/21 16:03:13][took 0.065557 secs]
[<<][4c98d741f22c0630757206][DEFAULT][/testlink/lib/general/mainPage.php][10/Sep/21 16:03:13][10/Sep/21 16:03:14][took 0.075273 secs]
[>>][4c98d74210822274328296][DEFAULT][/testlink/lib/general/mainPage.php][10/Sep/21 16:03:14]
[<<][4c98d74210822274328296][DEFAULT][/testlink/lib/general/mainPage.php][10/Sep/21 16:03:14][10/Sep/21 16:03:14][took 0.049639 secs]
[<<][4c98d74200fea629616651][DEFAULT][/testlink/lib/general/navBar.php][10/Sep/21 16:03:14][10/Sep/21 16:03:14][took 0.124222 secs]
[>>][4c98d7421f6be617307357][DEFAULT][/testlink/lib/general/navBar.php][10/Sep/21 16:03:14]
[<<][4c98d7421f6be617307357][DEFAULT][/testlink/lib/general/navBar.php][10/Sep/21 16:03:14][10/Sep/21 16:03:14][took 0.019644 secs]
[<<][4c98d75e74166036194486][DEFAULT][/testlink/index.php][10/Sep/21 16:03:42][10/Sep/21 16:03:42][took 0.065103 secs]
[<<][4c98d75e8d07b372607971][DEFAULT][/testlink/lib/general/navBar.php][10/Sep/21 16:03:42][10/Sep/21 16:03:42][took 0.067448 secs]
[>>][4c98d75e9d9a0761529954][DEFAULT][/testlink/lib/general/navBar.php][10/Sep/21 16:03:42]
[<<][4c98d75e9d9a0761529954][DEFAULT][/testlink/lib/general/navBar.php][10/Sep/21 16:03:42][10/Sep/21 16:03:42][took 0.022277 secs]
[<<][4c98d75e8ca7e386980285][DEFAULT][/testlink/lib/general/mainPage.php][10/Sep/21 16:03:42][10/Sep/21 16:03:42][took 0.104209 secs]
[>>][4c98d75ea6508926201454][DEFAULT][/testlink/lib/general/mainPage.php][10/Sep/21 16:03:42]
[<<][4c98d75ea6508926201454][DEFAULT][/testlink/lib/general/mainPage.php][10/Sep/21 16:03:42][10/Sep/21 16:03:42][took 0.055297 secs]
[<<][4c98d760dea82080098908][DEFAULT][/testlink/logout.php][10/Sep/21 16:03:44][10/Sep/21 16:03:44][took 0.066485 secs]
[>>][4c98d760eefbc433656573][DEFAULT][/testlink/logout.php][10/Sep/21 16:03:44]
	[10/Sep/21 16:03:44][AUDIT][9phd6gmpkqtfel4usmv2b6jmm5][GUI]
		Logout of 'test'
	[10/Sep/21 16:22:47][AUDIT][9phd6gmpkqtfel4usmv2b6jmm5][GUI]
		Login for 'test' from '10.2.32.13' succeeded
[<<][4c98dbd7d8e64392569826][DEFAULT][/testlink/login.php][10/Sep/21 16:22:47][10/Sep/21 16:22:47][took 0.008188 secs]
[<<][4c98dbd7e4f1a306976433][DEFAULT][/testlink/index.php][10/Sep/21 16:22:47][10/Sep/21 16:22:48][took 0.066453 secs]
[<<][4c98dbd809d6d316093245][DEFAULT][/testlink/lib/general/navBar.php][10/Sep/21 16:22:48][10/Sep/21 16:22:48][took 0.068066 secs]
[>>][4c98dbd81a8cc331184065][DEFAULT][/testlink/lib/general/navBar.php][10/Sep/21 16:22:48]
[<<][4c98dbd81a8cc331184065][DEFAULT][/testlink/lib/general/navBar.php][10/Sep/21 16:22:48][10/Sep/21 16:22:48][took 0.016858 secs]
[<<][4c98dbd80922b039647616][DEFAULT][/testlink/lib/general/mainPage.php][10/Sep/21 16:22:48][10/Sep/21 16:22:48][took 0.099218 secs]
[>>][4c98dbd82176c768994093][DEFAULT][/testlink/lib/general/mainPage.php][10/Sep/21 16:22:48]
[<<][4c98dbd82176c768994093][DEFAULT][/testlink/lib/general/mainPage.php][10/Sep/21 16:22:48][10/Sep/21 16:22:48][took 0.052708 secs]
[<<][4c98dbde7e1af921842760][DEFAULT][/testlink/lib/general/frmWorkArea.php][10/Sep/21 16:22:54][10/Sep/21 16:22:54][took 0.065279 secs]
[>>][4c98dbde8e23d471563282][DEFAULT][/testlink/lib/general/frmWorkArea.php][10/Sep/21 16:22:54]
[<<][4c98dbde8e23d471563282][DEFAULT][/testlink/lib/general/frmWorkArea.php][10/Sep/21 16:22:54][10/Sep/21 16:22:54][took 0.038574 secs]
[<<][4c98dbdeaad11498273762][DEFAULT][/testlink/lib/general/staticPage.php][10/Sep/21 16:22:54][10/Sep/21 16:22:54][took 0.070224 secs]
[>>][4c98dbdebc0fd081496606][DEFAULT][/testlink/lib/general/staticPage.php][10/Sep/21 16:22:54]
[<<][4c98dbdebc0fd081496606][DEFAULT][/testlink/lib/general/staticPage.php][10/Sep/21 16:22:54][10/Sep/21 16:22:54][took 0.006901 secs]
[<<][4c98dbdeaad0e005656259][DEFAULT][/testlink/lib/execute/execNavigator.php][10/Sep/21 16:22:54][10/Sep/21 16:22:54][took 0.088449 secs]
[>>][4c98dbdec086e137719099][DEFAULT][/testlink/lib/execute/execNavigator.php][10/Sep/21 16:22:54]
[<<][4c98dbdec086e137719099][DEFAULT][/testlink/lib/execute/execNavigator.php][10/Sep/21 16:22:54][10/Sep/21 16:22:54][took 0.112223 secs]
[<<][4c98dbe5753b0370159612][DEFAULT][/testlink/lib/execute/execSetResults.php][10/Sep/21 16:23:01][10/Sep/21 16:23:01][took 0.070135 secs]
[>>][4c98dbe586780061764301][DEFAULT][/testlink/lib/execute/execSetResults.php][10/Sep/21 16:23:01]
[<<][4c98dbe586780061764301][DEFAULT][/testlink/lib/execute/execSetResults.php][10/Sep/21 16:23:01][10/Sep/21 16:23:01][took 0.089564 secs]
[<<][4c98dbe845ff6638042326][DEFAULT][/testlink/lib/execute/execSetResults.php][10/Sep/21 16:23:04][10/Sep/21 16:23:04][took 0.070981 secs]
[>>][4c98dbe857724052830729][DEFAULT][/testlink/lib/execute/execSetResults.php][10/Sep/21 16:23:04]
[<<][4c98dbe857724052830729][DEFAULT][/testlink/lib/execute/execSetResults.php][10/Sep/21 16:23:04][10/Sep/21 16:23:04][took 0.080829 secs]
[<<][4c98dbf2c7baa103392041][DEFAULT][/testlink/index.php][10/Sep/21 16:23:14][10/Sep/21 16:23:14][took 0.065115 secs]
[<<][4c98dbf2dfef3697433195][DEFAULT][/testlink/lib/general/mainPage.php][10/Sep/21 16:23:14][10/Sep/21 16:23:14][took 0.072248 secs]
[>>][4c98dbf2f1b73370200181][DEFAULT][/testlink/lib/general/mainPage.php][10/Sep/21 16:23:14]
[<<][4c98dbf2f1b73370200181][DEFAULT][/testlink/lib/general/mainPage.php][10/Sep/21 16:23:14][10/Sep/21 16:23:15][took 0.045861 secs]
[<<][4c98dbf2e15de568291551][DEFAULT][/testlink/lib/general/navBar.php][10/Sep/21 16:23:14][10/Sep/21 16:23:15][took 0.12239 secs]
[>>][4c98dbf30b36c716833964][DEFAULT][/testlink/lib/general/navBar.php][10/Sep/21 16:23:15]
[<<][4c98dbf30b36c716833964][DEFAULT][/testlink/lib/general/navBar.php][10/Sep/21 16:23:15][10/Sep/21 16:23:15][took 0.019789 secs]
[<<][4c98dbfb30d58069871515][DEFAULT][/testlink/index.php][10/Sep/21 16:23:23][10/Sep/21 16:23:23][took 0.064358 secs]
[<<][4c98dbfb49161438924670][DEFAULT][/testlink/lib/general/navBar.php][10/Sep/21 16:23:23][10/Sep/21 16:23:23][took 0.065657 secs]
[>>][4c98dbfb59351148193887][DEFAULT][/testlink/lib/general/navBar.php][10/Sep/21 16:23:23]
[<<][4c98dbfb59351148193887][DEFAULT][/testlink/lib/general/navBar.php][10/Sep/21 16:23:23][10/Sep/21 16:23:23][took 0.017901 secs]
[<<][4c98dbfb48f21270731255][DEFAULT][/testlink/lib/general/mainPage.php][10/Sep/21 16:23:23][10/Sep/21 16:23:23][took 0.098042 secs]
[>>][4c98dbfb60fce064319403][DEFAULT][/testlink/lib/general/mainPage.php][10/Sep/21 16:23:23]
[<<][4c98dbfb60fce064319403][DEFAULT][/testlink/lib/general/mainPage.php][10/Sep/21 16:23:23][10/Sep/21 16:23:23][took 0.052435 secs]
[<<][4c98dc21dccff142324807][DEFAULT][/testlink/lib/keywords/keywordsView.php][10/Sep/21 16:24:01][10/Sep/21 16:24:01][took 0.06621 secs]
[>>][4c98dc21ed145426837866][DEFAULT][/testlink/lib/keywords/keywordsView.php][10/Sep/21 16:24:01]
[<<][4c98dc21ed145426837866][DEFAULT][/testlink/lib/keywords/keywordsView.php][10/Sep/21 16:24:01][10/Sep/21 16:24:02][took 0.057042 secs]
[<<][4c98dc2680e42821804278][DEFAULT][/testlink/index.php][10/Sep/21 16:24:06][10/Sep/21 16:24:06][took 0.06537 secs]
[<<][4c98dc269937a207725721][DEFAULT][/testlink/lib/general/navBar.php][10/Sep/21 16:24:06][10/Sep/21 16:24:06][took 0.067908 secs]
[>>][4c98dc26a9eac064844466][DEFAULT][/testlink/lib/general/navBar.php][10/Sep/21 16:24:06]
[<<][4c98dc26a9eac064844466][DEFAULT][/testlink/lib/general/navBar.php][10/Sep/21 16:24:06][10/Sep/21 16:24:06][took 0.01776 secs]
[<<][4c98dc2698f0f868163825][DEFAULT][/testlink/lib/general/mainPage.php][10/Sep/21 16:24:06][10/Sep/21 16:24:06][took 0.098099 secs]
[>>][4c98dc26b0fe6327969219][DEFAULT][/testlink/lib/general/mainPage.php][10/Sep/21 16:24:06]
[<<][4c98dc26b0fe6327969219][DEFAULT][/testlink/lib/general/mainPage.php][10/Sep/21 16:24:06][10/Sep/21 16:24:06][took 0.047849 secs]
[<<][4c98dc329b055247634608][DEFAULT][/testlink/index.php][10/Sep/21 16:24:18][10/Sep/21 16:24:18][took 0.064876 secs]
[<<][4c98dc32b32e7919967795][DEFAULT][/testlink/lib/general/mainPage.php][10/Sep/21 16:24:18][10/Sep/21 16:24:18][took 0.072145 secs]
[>>][4c98dc32c4e60547373481][DEFAULT][/testlink/lib/general/mainPage.php][10/Sep/21 16:24:18]
[<<][4c98dc32c4e60547373481][DEFAULT][/testlink/lib/general/mainPage.php][10/Sep/21 16:24:18][10/Sep/21 16:24:18][took 0.046321 secs]
[<<][4c98dc32b70dc956189686][DEFAULT][/testlink/lib/general/navBar.php][10/Sep/21 16:24:18][10/Sep/21 16:24:18][took 0.113845 secs]
[>>][4c98dc32d2f53715791910][DEFAULT][/testlink/lib/general/navBar.php][10/Sep/21 16:24:18]
[<<][4c98dc32d2f53715791910][DEFAULT][/testlink/lib/general/navBar.php][10/Sep/21 16:24:18][10/Sep/21 16:24:18][took 0.020302 secs]
[<<][4c98dc343ee2c551536502][DEFAULT][/testlink/lib/general/navBar.php][10/Sep/21 16:24:20][10/Sep/21 16:24:20][took 0.065887 secs]
[>>][4c98dc344f193333011265][DEFAULT][/testlink/lib/general/navBar.php][10/Sep/21 16:24:20]
[<<][4c98dc344f193333011265][DEFAULT][/testlink/lib/general/navBar.php][10/Sep/21 16:24:20][10/Sep/21 16:24:20][took 0.01883 secs]
[<<][4c98dc3467724089107383][DEFAULT][/testlink/lib/general/mainPage.php][10/Sep/21 16:24:20][10/Sep/21 16:24:20][took 0.065536 secs]
[>>][4c98dc34778c5412959070][DEFAULT][/testlink/lib/general/mainPage.php][10/Sep/21 16:24:20]
[<<][4c98dc34778c5412959070][DEFAULT][/testlink/lib/general/mainPage.php][10/Sep/21 16:24:20][10/Sep/21 16:24:20][took 0.030104 secs]
[<<][4c98dc34d7d01344015768][DEFAULT][/testlink/logout.php][10/Sep/21 16:24:20][10/Sep/21 16:24:20][took 0.06641 secs]
[>>][4c98dc34e820a160282416][DEFAULT][/testlink/logout.php][10/Sep/21 16:24:20]
	[10/Sep/21 16:24:20][AUDIT][9phd6gmpkqtfel4usmv2b6jmm5][GUI]
		Logout of 'test'
	[10/Sep/21 17:06:02][AUDIT][650bi9s0i8h6gffsjtnc55i916][GUI]
		Login for 'test' from '10.0.2.128' succeeded
[<<][4c98e5fab3dbe493330472][DEFAULT][/testlink/login.php][10/Sep/21 17:06:02][10/Sep/21 17:06:02][took 0.0073949999999999 secs]
[<<][4c98e5fac3dda168534450][DEFAULT][/testlink/index.php][10/Sep/21 17:06:02][10/Sep/21 17:06:02][took 0.064447 secs]
[<<][4c98e5fae16c4455601318][DEFAULT][/testlink/lib/general/navBar.php][10/Sep/21 17:06:02][10/Sep/21 17:06:02][took 0.066485 secs]
[>>][4c98e5faf1bf1948321741][DEFAULT][/testlink/lib/general/navBar.php][10/Sep/21 17:06:02]
[<<][4c98e5faf1bf1948321741][DEFAULT][/testlink/lib/general/navBar.php][10/Sep/21 17:06:02][10/Sep/21 17:06:03][took 0.017028 secs]
[<<][4c98e5fae142a142507915][DEFAULT][/testlink/lib/general/mainPage.php][10/Sep/21 17:06:02][10/Sep/21 17:06:03][took 0.092923 secs]
[>>][4c98e5fb03e89760029994][DEFAULT][/testlink/lib/general/mainPage.php][10/Sep/21 17:06:03]
[<<][4c98e5fb03e89760029994][DEFAULT][/testlink/lib/general/mainPage.php][10/Sep/21 17:06:03][10/Sep/21 17:06:03][took 0.029304 secs]
[<<][4c98e609485bb641551391][DEFAULT][/testlink/lib/general/navBar.php][10/Sep/21 17:06:17][10/Sep/21 17:06:17][took 0.065615 secs]
[>>][4c98e609587be558684599][DEFAULT][/testlink/lib/general/navBar.php][10/Sep/21 17:06:17]
[<<][4c98e609587be558684599][DEFAULT][/testlink/lib/general/navBar.php][10/Sep/21 17:06:17][10/Sep/21 17:06:17][took 0.017034 secs]
[<<][4c98e6097902f866958571][DEFAULT][/testlink/lib/general/mainPage.php][10/Sep/21 17:06:17][10/Sep/21 17:06:17][took 0.067232 secs]
[>>][4c98e609898bb854070934][DEFAULT][/testlink/lib/general/mainPage.php][10/Sep/21 17:06:17]
[<<][4c98e609898bb854070934][DEFAULT][/testlink/lib/general/mainPage.php][10/Sep/21 17:06:17][10/Sep/21 17:06:17][took 0.047747 secs]
[<<][4c98e62b826de563736954][DEFAULT][/testlink/lib/testcases/tcAssignedToUser.php][10/Sep/21 17:06:51][10/Sep/21 17:06:51][took 0.067179 secs]
[>>][4c98e62b92f80809089007][DEFAULT][/testlink/lib/testcases/tcAssignedToUser.php][10/Sep/21 17:06:51]
[<<][4c98e62b92f80809089007][DEFAULT][/testlink/lib/testcases/tcAssignedToUser.php][10/Sep/21 17:06:51][10/Sep/21 17:06:51][took 0.181618 secs]
[<<][4c98e643ea392591673101][DEFAULT][/testlink/lib/general/frmWorkArea.php][10/Sep/21 17:07:15][10/Sep/21 17:07:16][took 0.069417 secs]
[>>][4c98e64407232559287145][DEFAULT][/testlink/lib/general/frmWorkArea.php][10/Sep/21 17:07:16]
[<<][4c98e64407232559287145][DEFAULT][/testlink/lib/general/frmWorkArea.php][10/Sep/21 17:07:16][10/Sep/21 17:07:16][took 0.046355 secs]
[<<][4c98e6442322f730868324][DEFAULT][/testlink/lib/general/staticPage.php][10/Sep/21 17:07:16][10/Sep/21 17:07:16][took 0.079485 secs]
[>>][4c98e64436a2b731940099][DEFAULT][/testlink/lib/general/staticPage.php][10/Sep/21 17:07:16]
[<<][4c98e64436a2b731940099][DEFAULT][/testlink/lib/general/staticPage.php][10/Sep/21 17:07:16][10/Sep/21 17:07:16][took 0.007129 secs]
[<<][4c98e644264ef363795202][DEFAULT][/testlink/lib/execute/execNavigator.php][10/Sep/21 17:07:16][10/Sep/21 17:07:16][took 0.081865 secs]
[>>][4c98e6443a681635307344][DEFAULT][/testlink/lib/execute/execNavigator.php][10/Sep/21 17:07:16]
[<<][4c98e6443a681635307344][DEFAULT][/testlink/lib/execute/execNavigator.php][10/Sep/21 17:07:16][10/Sep/21 17:07:16][took 0.122594 secs]
[<<][4c98e6664a700431761414][DEFAULT][/testlink/lib/execute/execSetResults.php][10/Sep/21 17:07:50][10/Sep/21 17:07:50][took 0.07647 secs]
[>>][4c98e6665d399920435629][DEFAULT][/testlink/lib/execute/execSetResults.php][10/Sep/21 17:07:50]
[<<][4c98e6665d399920435629][DEFAULT][/testlink/lib/execute/execSetResults.php][10/Sep/21 17:07:50][10/Sep/21 17:07:50][took 0.099698 secs]
[<<][4c98e6fc73f32966683073][DEFAULT][/testlink/index.php][10/Sep/21 17:10:20][10/Sep/21 17:10:20][took 0.063856 secs]
[<<][4c98e6fc9253f626300507][DEFAULT][/testlink/lib/general/mainPage.php][10/Sep/21 17:10:20][10/Sep/21 17:10:20][took 0.06668 secs]
[>>][4c98e6fca2b92662252515][DEFAULT][/testlink/lib/general/mainPage.php][10/Sep/21 17:10:20]
[<<][4c98e6fca2b92662252515][DEFAULT][/testlink/lib/general/mainPage.php][10/Sep/21 17:10:20][10/Sep/21 17:10:20][took 0.044469 secs]
[<<][4c98e6fc940ad737570356][DEFAULT][/testlink/lib/general/navBar.php][10/Sep/21 17:10:20][10/Sep/21 17:10:20][took 0.114032 secs]
[>>][4c98e6fcaffb3301008292][DEFAULT][/testlink/lib/general/navBar.php][10/Sep/21 17:10:20]
[<<][4c98e6fcaffb3301008292][DEFAULT][/testlink/lib/general/navBar.php][10/Sep/21 17:10:20][10/Sep/21 17:10:20][took 0.016412 secs]
[<<][4c98e70797496766160778][DEFAULT][/testlink/lib/general/mainPage.php][10/Sep/21 17:10:31][10/Sep/21 17:10:31][took 0.064609 secs]
[>>][4c98e707a7292956553011][DEFAULT][/testlink/lib/general/mainPage.php][10/Sep/21 17:10:31]
[<<][4c98e707a7292956553011][DEFAULT][/testlink/lib/general/mainPage.php][10/Sep/21 17:10:31][10/Sep/21 17:10:31][took 0.047796 secs]
[<<][4c98e73f50d65092200916][DEFAULT][/testlink/lib/general/frmWorkArea.php][10/Sep/21 17:11:27][10/Sep/21 17:11:27][took 0.064693 secs]
[>>][4c98e73f60bac166902922][DEFAULT][/testlink/lib/general/frmWorkArea.php][10/Sep/21 17:11:27]
[<<][4c98e73f60bac166902922][DEFAULT][/testlink/lib/general/frmWorkArea.php][10/Sep/21 17:11:27][10/Sep/21 17:11:27][took 0.038222 secs]
[<<][4c98e73f77c65728731330][DEFAULT][/testlink/lib/general/staticPage.php][10/Sep/21 17:11:27][10/Sep/21 17:11:27][took 0.066508 secs]
[>>][4c98e73f881e1737727497][DEFAULT][/testlink/lib/general/staticPage.php][10/Sep/21 17:11:27]
[<<][4c98e73f881e1737727497][DEFAULT][/testlink/lib/general/staticPage.php][10/Sep/21 17:11:27][10/Sep/21 17:11:27][took 0.007134 secs]
[<<][4c98e73f79c18102043361][DEFAULT][/testlink/lib/execute/execNavigator.php][10/Sep/21 17:11:27][10/Sep/21 17:11:27][took 0.07747 secs]
[>>][4c98e73f8cc55397480564][DEFAULT][/testlink/lib/execute/execNavigator.php][10/Sep/21 17:11:27]
[<<][4c98e73f8cc55397480564][DEFAULT][/testlink/lib/execute/execNavigator.php][10/Sep/21 17:11:27][10/Sep/21 17:11:27][took 0.078254 secs]
[<<][4c98e78d87cda453734883][DEFAULT][/testlink/logout.php][10/Sep/21 17:12:45][10/Sep/21 17:12:45][took 0.064357 secs]
[>>][4c98e78d979ca894738355][DEFAULT][/testlink/logout.php][10/Sep/21 17:12:45]
	[10/Sep/21 17:12:45][AUDIT][650bi9s0i8h6gffsjtnc55i916][GUI]
		Logout of 'test'
	[10/Sep/21 17:25:35][AUDIT][650bi9s0i8h6gffsjtnc55i916][GUI]
		Login for 'test' from '10.0.2.128' succeeded
[<<][4c98ea8f4e2db603181959][DEFAULT][/testlink/login.php][10/Sep/21 17:25:35][10/Sep/21 17:25:35][took 0.007395 secs]
[<<][4c98ea8f5e5a8013908416][DEFAULT][/testlink/index.php][10/Sep/21 17:25:35][10/Sep/21 17:25:35][took 0.068646 secs]
[<<][4c98ea8f7daad221321307][DEFAULT][/testlink/lib/general/navBar.php][10/Sep/21 17:25:35][10/Sep/21 17:25:35][took 0.066738 secs]
[>>][4c98ea8f8e0ed204230385][DEFAULT][/testlink/lib/general/navBar.php][10/Sep/21 17:25:35]
[<<][4c98ea8f8e0ed204230385][DEFAULT][/testlink/lib/general/navBar.php][10/Sep/21 17:25:35][10/Sep/21 17:25:35][took 0.017824 secs]
[<<][4c98ea8f80023417927825][DEFAULT][/testlink/lib/general/mainPage.php][10/Sep/21 17:25:35][10/Sep/21 17:25:35][took 0.084084 secs]
[>>][4c98ea8f94a36162718576][DEFAULT][/testlink/lib/general/mainPage.php][10/Sep/21 17:25:35]
[<<][4c98ea8f94a36162718576][DEFAULT][/testlink/lib/general/mainPage.php][10/Sep/21 17:25:35][10/Sep/21 17:25:35][took 0.05073 secs]
[<<][4c98ea9243403591422116][DEFAULT][/testlink/lib/testcases/tcAssignedToUser.php][10/Sep/21 17:25:38][10/Sep/21 17:25:38][took 0.066906 secs]
[>>][4c98ea9253af7065248281][DEFAULT][/testlink/lib/testcases/tcAssignedToUser.php][10/Sep/21 17:25:38]
[<<][4c98ea9253af7065248281][DEFAULT][/testlink/lib/testcases/tcAssignedToUser.php][10/Sep/21 17:25:38][10/Sep/21 17:25:38][took 0.118453 secs]
[<<][4c98ea9818781895636302][DEFAULT][/testlink/lib/testcases/archiveData.php][10/Sep/21 17:25:44][10/Sep/21 17:25:44][took 0.070747 secs]
[>>][4c98ea9829dca414897597][DEFAULT][/testlink/lib/testcases/archiveData.php][10/Sep/21 17:25:44]
[<<][4c98ea9829dca414897597][DEFAULT][/testlink/lib/testcases/archiveData.php][10/Sep/21 17:25:44][10/Sep/21 17:25:44][took 0.054097 secs]
[<<][4c98eaa2b5623197327060][DEFAULT][/testlink/lib/testcases/tcAssignedToUser.php][10/Sep/21 17:25:54][10/Sep/21 17:25:54][took 0.06789 secs]
[>>][4c98eaa2c610a252413664][DEFAULT][/testlink/lib/testcases/tcAssignedToUser.php][10/Sep/21 17:25:54]
[<<][4c98eaa2c610a252413664][DEFAULT][/testlink/lib/testcases/tcAssignedToUser.php][10/Sep/21 17:25:54][10/Sep/21 17:25:54][took 0.121398 secs]
[<<][4c98ec4d7f7ef041200731][DEFAULT][/testlink/lib/general/frmWorkArea.php][10/Sep/21 17:33:01][10/Sep/21 17:33:01][took 0.065915 secs]
[>>][4c98ec4d8fb02156889989][DEFAULT][/testlink/lib/general/frmWorkArea.php][10/Sep/21 17:33:01]
[<<][4c98ec4d8fb02156889989][DEFAULT][/testlink/lib/general/frmWorkArea.php][10/Sep/21 17:33:01][10/Sep/21 17:33:01][took 0.006098 secs]
[<<][4c98ec4da1048865319276][DEFAULT][/testlink/lib/general/staticPage.php][10/Sep/21 17:33:01][10/Sep/21 17:33:01][took 0.065956 secs]
[>>][4c98ec4db1385718845118][DEFAULT][/testlink/lib/general/staticPage.php][10/Sep/21 17:33:01]
[<<][4c98ec4db1385718845118][DEFAULT][/testlink/lib/general/staticPage.php][10/Sep/21 17:33:01][10/Sep/21 17:33:01][took 0.0071709999999999 secs]
[<<][4c98ec4da4641522082806][DEFAULT][/lib/requirements/reqSpecListTree.php][10/Sep/21 17:33:01][10/Sep/21 17:33:01][took 0.089765 secs]
[>>][4c98ec4dba72f621615531][DEFAULT][/lib/requirements/reqSpecListTree.php][10/Sep/21 17:33:01]
[<<][4c98ec4dba72f621615531][DEFAULT][/lib/requirements/reqSpecListTree.php][10/Sep/21 17:33:01][10/Sep/21 17:33:01][took 0.048994 secs]
[<<][4c98ec4e5f939657573556][DEFAULT][/testlink/lib/ajax/getrequirementnodes.php][10/Sep/21 17:33:02][10/Sep/21 17:33:02][took 0.065103 secs]
[>>][4c98ec4e6f92f619921489][DEFAULT][/testlink/lib/ajax/getrequirementnodes.php][10/Sep/21 17:33:02]
[<<][4c98ec4e6f92f619921489][DEFAULT][/testlink/lib/ajax/getrequirementnodes.php][10/Sep/21 17:33:02][10/Sep/21 17:33:02][took 0.008449 secs]
[<<][4c98ec51d5b39857436528][DEFAULT][/testlink/lib/ajax/getrequirementnodes.php][10/Sep/21 17:33:05][10/Sep/21 17:33:05][took 0.068558 secs]
[>>][4c98ec51e6931954789621][DEFAULT][/testlink/lib/ajax/getrequirementnodes.php][10/Sep/21 17:33:05]
[<<][4c98ec51e6931954789621][DEFAULT][/testlink/lib/ajax/getrequirementnodes.php][10/Sep/21 17:33:05][10/Sep/21 17:33:05][took 0.0077010000000001 secs]
[<<][4c98ec530de15085393621][DEFAULT][/testlink/lib/requirements/reqSpecView.php][10/Sep/21 17:33:07][10/Sep/21 17:33:07][took 0.073315 secs]
[>>][4c98ec531fe2f737154231][DEFAULT][/testlink/lib/requirements/reqSpecView.php][10/Sep/21 17:33:07]
[<<][4c98ec531fe2f737154231][DEFAULT][/testlink/lib/requirements/reqSpecView.php][10/Sep/21 17:33:07][10/Sep/21 17:33:07][took 0.092961 secs]
[<<][4c98ec616667a016691812][DEFAULT][/testlink/lib/requirements/reqView.php][10/Sep/21 17:33:21][10/Sep/21 17:33:21][took 0.073562 secs]
[>>][4c98ec6178792249217187][DEFAULT][/testlink/lib/requirements/reqView.php][10/Sep/21 17:33:21]
[<<][4c98ec6178792249217187][DEFAULT][/testlink/lib/requirements/reqView.php][10/Sep/21 17:33:21][10/Sep/21 17:33:21][took 0.06738 secs]
[<<][4c98ec6378d4a788436270][DEFAULT][/testlink/lib/requirements/reqSpecView.php][10/Sep/21 17:33:23][10/Sep/21 17:33:23][took 0.073457 secs]
[>>][4c98ec638ade0282528207][DEFAULT][/testlink/lib/requirements/reqSpecView.php][10/Sep/21 17:33:23]
[<<][4c98ec638ade0282528207][DEFAULT][/testlink/lib/requirements/reqSpecView.php][10/Sep/21 17:33:23][10/Sep/21 17:33:23][took 0.045876 secs]
[<<][4c98ec88c0b4a961018975][DEFAULT][/testlink/lib/requirements/reqSpecView.php][10/Sep/21 17:34:00][10/Sep/21 17:34:00][took 0.082994 secs]
[>>][4c98ec88d5115903818182][DEFAULT][/testlink/lib/requirements/reqSpecView.php][10/Sep/21 17:34:00]
[<<][4c98ec88d5115903818182][DEFAULT][/testlink/lib/requirements/reqSpecView.php][10/Sep/21 17:34:00][10/Sep/21 17:34:00][took 0.045981 secs]
[<<][4c98ec8985151082459108][DEFAULT][/testlink/lib/requirements/reqSpecView.php][10/Sep/21 17:34:01][10/Sep/21 17:34:01][took 0.075819 secs]
[>>][4c98ec8997b9f648353101][DEFAULT][/testlink/lib/requirements/reqSpecView.php][10/Sep/21 17:34:01]
[<<][4c98ec8997b9f648353101][DEFAULT][/testlink/lib/requirements/reqSpecView.php][10/Sep/21 17:34:01][10/Sep/21 17:34:01][took 0.048558 secs]
[<<][4c98ec9059e46836317116][DEFAULT][/testlink/logout.php][10/Sep/21 17:34:08][10/Sep/21 17:34:08][took 0.068335 secs]
[>>][4c98ec906aabf781530663][DEFAULT][/testlink/logout.php][10/Sep/21 17:34:08]
	[10/Sep/21 17:34:08][AUDIT][650bi9s0i8h6gffsjtnc55i916][GUI]
		Logout of 'test'
