[>>][4cb02679bb736873687216][DEFAULT][/testlink_1_9_RC1/index.php][10/Oct/9 08:23:21]
[>>][4cb0267a57d41333064766][DEFAULT][/testlink_1_9_RC1/lib/general/navBar.php][10/Oct/9 08:23:22]
[>>][4cb0267a8d3bb969358294][DEFAULT][/testlink_1_9_RC1/lib/general/mainPage.php][10/Oct/9 08:23:22]
[>>][4cb0267ed9a0f244177506][DEFAULT][/testlink_1_9_RC1/lib/events/eventviewer.php][10/Oct/9 08:23:26]
[>>][4cb026892a15b536855092][DEFAULT][/testlink_1_9_RC1/lib/events/eventinfo.php][10/Oct/9 08:23:37]
[>>][4cb026a1a068f398602206][DEFAULT][/testlink_1_9_RC1/lib/events/eventviewer.php][10/Oct/9 08:24:01]
[>>][4cb026daa0696325215645][DEFAULT][/testlink_1_9_RC1/index.php][10/Oct/9 08:24:58]
[>>][4cb026db6723d422704933][DEFAULT][/testlink_1_9_RC1/lib/general/navBar.php][10/Oct/9 08:24:59]
[>>][4cb026dba0944998715930][DEFAULT][/testlink_1_9_RC1/lib/general/mainPage.php][10/Oct/9 08:24:59]
[>>][4cb026de3d3b2864215596][DEFAULT][/testlink_1_9_RC1/lib/events/eventviewer.php][10/Oct/9 08:25:02]
[>>][4cb026eabef9b155882465][DEFAULT][/testlink_1_9_RC1/lib/events/eventviewer.php][10/Oct/9 08:25:14]
[>>][4cb026f039696676911967][DEFAULT][/testlink_1_9_RC1/index.php][10/Oct/9 08:25:20]
[>>][4cb026f0af94f799474613][DEFAULT][/testlink_1_9_RC1/lib/general/navBar.php][10/Oct/9 08:25:20]
[>>][4cb026f0b3604617588693][DEFAULT][/testlink_1_9_RC1/lib/general/mainPage.php][10/Oct/9 08:25:20]
[>>][4cb026f4171ea692281204][DEFAULT][/testlink_1_9_RC1/lib/events/eventviewer.php][10/Oct/9 08:25:24]
[>>][4cb026f98d3b2652551968][DEFAULT][/testlink_1_9_RC1/lib/events/eventinfo.php][10/Oct/9 08:25:29]
[>>][4cb027019c98b544781969][DEFAULT][/testlink_1_9_RC1/lib/project/projectView.php][10/Oct/9 08:25:37]
[>>][4cb02701dd57b581498546][DEFAULT][/testlink_1_9_RC1/lib/project/projectView.php][10/Oct/9 08:25:37]
[>>][4cb02707359b1450209635][DEFAULT][/testlink_1_9_RC1/lib/project/projectEdit.php][10/Oct/9 08:25:43]
[>>][4cb02713ca45d800908118][DEFAULT][/testlink_1_9_RC1/lib/project/projectEdit.php][10/Oct/9 08:25:55]
[>>][4cb02714e1311342776125][DEFAULT][/testlink_1_9_RC1/lib/general/navBar.php][10/Oct/9 08:25:56]
[>>][4cb027173969a230830563][DEFAULT][/testlink_1_9_RC1/lib/events/eventviewer.php][10/Oct/9 08:25:59]
[>>][4cb0272e859b2185656254][DEFAULT][/testlink_1_9_RC1/index.php][10/Oct/9 08:26:22]
[>>][4cb0272ece154499304035][DEFAULT][/testlink_1_9_RC1/lib/general/navBar.php][10/Oct/9 08:26:22]
[>>][4cb0272f0b890549793489][DEFAULT][/testlink_1_9_RC1/lib/general/mainPage.php][10/Oct/9 08:26:23]
[>>][4cb027346eb74700358454][DEFAULT][/testlink_1_9_RC1/lib/general/navBar.php][10/Oct/9 08:26:28]
[>>][4cb02734e1289802372066][DEFAULT][/testlink_1_9_RC1/lib/general/mainPage.php][10/Oct/9 08:26:28]
[>>][4cb0273898ae3795109766][DEFAULT][/testlink_1_9_RC1/lib/general/frmWorkArea.php][10/Oct/9 08:26:32]
[>>][4cb0273903e81979424477][DEFAULT][/lib/testcases/listTestCases.php][10/Oct/9 08:26:33]
[>>][4cb027392a0e5945599156][DEFAULT][/testlink_1_9_RC1/lib/general/staticPage.php][10/Oct/9 08:26:33]
[>>][4cb0273a44c15253335582][DEFAULT][/lib/ajax/gettprojectnodes.php][10/Oct/9 08:26:34]
[>>][4cb0273c63460059686360][DEFAULT][/lib/testcases/archiveData.php][10/Oct/9 08:26:36]
[>>][4cb0273e7df92761183256][DEFAULT][/testlink_1_9_RC1/lib/testcases/tcImport.php][10/Oct/9 08:26:38]
[>>][4cb02764d1e97436728440][DEFAULT][/testlink_1_9_RC1/lib/testcases/tcImport.php][10/Oct/9 08:27:16]
[>>][4cb027681acb5638391106][DEFAULT][/lib/testcases/listTestCases.php][10/Oct/9 08:27:20]
[>>][4cb0276916fbf167320143][DEFAULT][/lib/ajax/gettprojectnodes.php][10/Oct/9 08:27:21]
[>>][4cb0276b50333763523722][DEFAULT][/testlink_1_9_RC1/lib/events/eventviewer.php][10/Oct/9 08:27:23]
[>>][4cb0277207c23522733265][DEFAULT][/lib/testcases/archiveData.php][10/Oct/9 08:27:30]
[>>][4cb027756ae77808842548][DEFAULT][/testlink_1_9_RC1/index.php][10/Oct/9 08:27:33]
[>>][4cb02775a7efa966872445][DEFAULT][/testlink_1_9_RC1/lib/general/navBar.php][10/Oct/9 08:27:33]
[>>][4cb02775dd576576357060][DEFAULT][/testlink_1_9_RC1/lib/general/mainPage.php][10/Oct/9 08:27:33]
[>>][4cb027785ba45250183241][DEFAULT][/testlink_1_9_RC1/lib/plan/planView.php][10/Oct/9 08:27:36]
[>>][4cb0277a5051d581165745][DEFAULT][/testlink_1_9_RC1/lib/plan/planEdit.php][10/Oct/9 08:27:38]
[>>][4cb027828d3be117766335][DEFAULT][/testlink_1_9_RC1/lib/plan/planEdit.php][10/Oct/9 08:27:46]
[>>][4cb02787d5e5e156979670][DEFAULT][/testlink_1_9_RC1/lib/events/eventviewer.php][10/Oct/9 08:27:51]
[>>][4cb0278e2dddc961102353][DEFAULT][/testlink_1_9_RC1/index.php][10/Oct/9 08:27:58]
[>>][4cb0278e6ebad630830503][DEFAULT][/testlink_1_9_RC1/lib/general/navBar.php][10/Oct/9 08:27:58]
[>>][4cb0278e7a292661051879][DEFAULT][/testlink_1_9_RC1/lib/general/mainPage.php][10/Oct/9 08:27:58]
[>>][4cb02790abc0d009766453][DEFAULT][/testlink_1_9_RC1/lib/plan/buildView.php][10/Oct/9 08:28:00]
[>>][4cb027927287d957080174][DEFAULT][/testlink_1_9_RC1/lib/plan/buildEdit.php][10/Oct/9 08:28:02]
[>>][4cb02798d1e67741059338][DEFAULT][/testlink_1_9_RC1/lib/plan/buildEdit.php][10/Oct/9 08:28:08]
[>>][4cb0279b7658f047080525][DEFAULT][/testlink_1_9_RC1/lib/events/eventviewer.php][10/Oct/9 08:28:11]
[>>][4cb027a07dfac932625543][DEFAULT][/testlink_1_9_RC1/index.php][10/Oct/9 08:28:16]
[>>][4cb027a0bed4a574810895][DEFAULT][/testlink_1_9_RC1/lib/general/navBar.php][10/Oct/9 08:28:16]
[>>][4cb027a0d1e7e994802193][DEFAULT][/testlink_1_9_RC1/lib/general/mainPage.php][10/Oct/9 08:28:16]
[>>][4cb027a498ad5184116478][DEFAULT][/testlink_1_9_RC1/lib/general/frmWorkArea.php][10/Oct/9 08:28:20]
[>>][4cb027a5132a3188906120][DEFAULT][/lib/plan/planAddTCNavigator.php][10/Oct/9 08:28:21]
[>>][4cb027a516fb7697097435][DEFAULT][/testlink_1_9_RC1/lib/general/staticPage.php][10/Oct/9 08:28:21]
[>>][4cb027a61e9bc802784613][DEFAULT][/lib/ajax/gettprojectnodes.php][10/Oct/9 08:28:22]
[>>][4cb027a8896b6345241134][DEFAULT][/testlink_1_9_RC1/lib/plan/planAddTC.php][10/Oct/9 08:28:24]
[>>][4cb027acaf919413823260][DEFAULT][/testlink_1_9_RC1/lib/plan/planAddTC.php][10/Oct/9 08:28:28]
[>>][4cb027adbed37962911816][DEFAULT][/lib/plan/planAddTCNavigator.php][10/Oct/9 08:28:29]
[>>][4cb027ae94dd7715339875][DEFAULT][/lib/ajax/gettprojectnodes.php][10/Oct/9 08:28:30]
[>>][4cb027af7a28f437490750][DEFAULT][/testlink_1_9_RC1/lib/events/eventviewer.php][10/Oct/9 08:28:31]
[>>][4cb029007a420322923311][DEFAULT][/testlink_1_9_RC1/lib/events/eventviewer.php][10/Oct/9 08:34:08]
[>>][4cb02904e1311666966998][DEFAULT][/testlink_1_9_RC1/index.php][10/Oct/9 08:34:12]
[>>][4cb02905226bb678781160][DEFAULT][/testlink_1_9_RC1/lib/general/navBar.php][10/Oct/9 08:34:13]
[>>][4cb029055403b390847894][DEFAULT][/testlink_1_9_RC1/lib/general/mainPage.php][10/Oct/9 08:34:13]
[>>][4cb02908e4f8d230605010][DEFAULT][/testlink_1_9_RC1/lib/general/frmWorkArea.php][10/Oct/9 08:34:16]
[>>][4cb0290944c17276131512][DEFAULT][/testlink_1_9_RC1/lib/general/staticPage.php][10/Oct/9 08:34:17]
[>>][4cb0290948929274261215][DEFAULT][/lib/plan/planAddTCNavigator.php][10/Oct/9 08:34:17]
[>>][4cb0290a4891a490261476][DEFAULT][/lib/ajax/gettprojectnodes.php][10/Oct/9 08:34:18]
[>>][4cb0290c734a6380230358][DEFAULT][/testlink_1_9_RC1/lib/plan/planAddTC.php][10/Oct/9 08:34:20]
[>>][4cb0290d00170571222223][DEFAULT][/testlink_1_9_RC1/lib/general/staticPage.php][10/Oct/9 08:34:21]
[>>][4cb0290e89790842138816][DEFAULT][/testlink_1_9_RC1/lib/plan/planAddTC.php][10/Oct/9 08:34:22]
[>>][4cb02914357e2586127775][DEFAULT][/testlink_1_9_RC1/lib/plan/planAddTC.php][10/Oct/9 08:34:28]
[>>][4cb02914e4f95248155114][DEFAULT][/lib/plan/planAddTCNavigator.php][10/Oct/9 08:34:28]
[>>][4cb02915b731a730027330][DEFAULT][/lib/ajax/gettprojectnodes.php][10/Oct/9 08:34:29]
[>>][4cb0292f72a4f446978833][DEFAULT][/testlink_1_9_RC1/lib/events/eventviewer.php][10/Oct/9 08:34:55]
[>>][4cb0298304010711524088][DEFAULT][/testlink_1_9_RC1/lib/events/eventviewer.php][10/Oct/9 08:36:19]
[>>][4cb0298631c81325524556][DEFAULT][/testlink_1_9_RC1/index.php][10/Oct/9 08:36:22]
[>>][4cb029867a28b118909697][DEFAULT][/testlink_1_9_RC1/lib/general/navBar.php][10/Oct/9 08:36:22]
[>>][4cb02986a7eff601073589][DEFAULT][/testlink_1_9_RC1/lib/general/mainPage.php][10/Oct/9 08:36:22]
[>>][4cb02988a7efe584615064][DEFAULT][/testlink_1_9_RC1/lib/general/frmWorkArea.php][10/Oct/9 08:36:24]
[>>][4cb029892a0d6428716996][DEFAULT][/testlink_1_9_RC1/lib/general/staticPage.php][10/Oct/9 08:36:25]
[>>][4cb02989357e7236197160][DEFAULT][/lib/execute/execNavigator.php][10/Oct/9 08:36:25]
[>>][4cb0299044c06601492740][DEFAULT][/testlink_1_9_RC1/lib/events/eventviewer.php][10/Oct/9 08:36:32]
[>>][4cb029d70c19d730686932][DEFAULT][/testlink_1_9_RC1/lib/events/eventviewer.php][10/Oct/9 08:37:43]
[>>][4cb029d9a80a9714170970][DEFAULT][/testlink_1_9_RC1/index.php][10/Oct/9 08:37:45]
[>>][4cb029d9f06a4096947719][DEFAULT][/testlink_1_9_RC1/lib/general/navBar.php][10/Oct/9 08:37:45]
[>>][4cb029da2a0de818101733][DEFAULT][/testlink_1_9_RC1/lib/general/mainPage.php][10/Oct/9 08:37:46]
[>>][4cb029dd72a3b027825008][DEFAULT][/testlink_1_9_RC1/lib/general/frmWorkArea.php][10/Oct/9 08:37:49]
[>>][4cb029ddf0698835934798][DEFAULT][/lib/execute/execNavigator.php][10/Oct/9 08:37:49]
[>>][4cb029ddf06b1783626793][DEFAULT][/testlink_1_9_RC1/lib/general/staticPage.php][10/Oct/9 08:37:49]
[>>][4cb029e29c97b163778515][DEFAULT][/testlink_1_9_RC1/lib/events/eventviewer.php][10/Oct/9 08:37:54]
[>>][4cb02a1316f9f851942381][DEFAULT][/testlink_1_9_RC1/lib/plan/planExport.php][10/Oct/9 08:38:43]
[>>][4cb02a1bce1ce128345699][DEFAULT][/testlink_1_9_RC1/lib/events/eventviewer.php][10/Oct/9 08:38:51]
[>>][4cb02a732df7e169677416][DEFAULT][/testlink_1_9_RC1/lib/events/eventviewer.php][10/Oct/9 08:40:19]
[>>][4cb02a75afaf1011250216][DEFAULT][/testlink_1_9_RC1/lib/plan/planExport.php][10/Oct/9 08:40:21]
[>>][4cb02a79bb8c2800317683][DEFAULT][/testlink_1_9_RC1/lib/events/eventviewer.php][10/Oct/9 08:40:25]
[>>][4cb02abf7661b559905396][DEFAULT][/testlink_1_9_RC1/index.php][10/Oct/9 08:41:35]
[>>][4cb02abfaf997917057864][DEFAULT][/testlink_1_9_RC1/lib/general/navBar.php][10/Oct/9 08:41:35]
[>>][4cb02abfe5408481856986][DEFAULT][/testlink_1_9_RC1/lib/general/mainPage.php][10/Oct/9 08:41:35]
[>>][4cb02ac331c8c429738107][DEFAULT][/testlink_1_9_RC1/lib/cfields/cfieldsView.php][10/Oct/9 08:41:39]
[>>][4cb02ac563601719339666][DEFAULT][/lib/cfields/cfieldsImport.php][10/Oct/9 08:41:41]
[>>][4cb02ad08d565114603803][DEFAULT][/testlink_1_9_RC1/lib/events/eventviewer.php][10/Oct/9 08:41:52]
[>>][4cb02ad7e1430341312252][DEFAULT][/testlink_1_9_RC1/lib/cfields/cfieldsView.php][10/Oct/9 08:41:59]
[>>][4cb02ad9c2d43576154562][DEFAULT][/lib/cfields/cfieldsExport.php][10/Oct/9 08:42:01]
[>>][4cb02af495014413866370][DEFAULT][/testlink_1_9_RC1/lib/events/eventviewer.php][10/Oct/9 08:42:28]
[>>][4cb02b91170a2525493629][DEFAULT][/testlink_1_9_RC1/lib/events/eventviewer.php][10/Oct/9 08:45:05]
[>>][4cb02b9431ae5473847209][DEFAULT][/testlink_1_9_RC1/index.php][10/Oct/9 08:45:08]
[>>][4cb02b946ae6f798624177][DEFAULT][/testlink_1_9_RC1/lib/general/navBar.php][10/Oct/9 08:45:08]
[>>][4cb02b94a04e6681605075][DEFAULT][/testlink_1_9_RC1/lib/general/mainPage.php][10/Oct/9 08:45:08]
[>>][4cb02b9d03e6d089605317][DEFAULT][/testlink_1_9_RC1/lib/general/frmWorkArea.php][10/Oct/9 08:45:17]
[>>][4cb02b9da7ef5334296936][DEFAULT][/lib/execute/execNavigator.php][10/Oct/9 08:45:17]
[>>][4cb02b9dd9ad0475298038][DEFAULT][/testlink_1_9_RC1/lib/general/staticPage.php][10/Oct/9 08:45:17]
[>>][4cb02ba04103f582926546][DEFAULT][/testlink_1_9_RC1/lib/plan/planExport.php][10/Oct/9 08:45:20]
[>>][4cb02ba46ed8d332604084][DEFAULT][/testlink_1_9_RC1/lib/events/eventviewer.php][10/Oct/9 08:45:24]
[>>][4cb02c38394ee554495987][DEFAULT][/testlink_1_9_RC1/index.php][10/Oct/9 08:47:52]
[>>][4cb02c38728c5631062591][DEFAULT][/testlink_1_9_RC1/lib/general/navBar.php][10/Oct/9 08:47:52]
[>>][4cb02c38abc38542131432][DEFAULT][/testlink_1_9_RC1/lib/general/mainPage.php][10/Oct/9 08:47:52]
[>>][4cb02c3ace308706828483][DEFAULT][/testlink_1_9_RC1/lib/general/frmWorkArea.php][10/Oct/9 08:47:54]
[>>][4cb02c3b4890a411105143][DEFAULT][/lib/plan/planAddTCNavigator.php][10/Oct/9 08:47:55]
[>>][4cb02c3b44c0b500912319][DEFAULT][/testlink_1_9_RC1/lib/general/staticPage.php][10/Oct/9 08:47:55]
[>>][4cb02c3ca7f05797532030][DEFAULT][/lib/ajax/gettprojectnodes.php][10/Oct/9 08:47:56]
[>>][4cb02c3ee5130063996213][DEFAULT][/testlink_1_9_RC1/lib/plan/planAddTC.php][10/Oct/9 08:47:58]
[>>][4cb02c40132a6876979630][DEFAULT][/lib/ajax/gettestcasesummary.php][10/Oct/9 08:48:00]
[>>][4cb02c433d4f9691293115][DEFAULT][/testlink_1_9_RC1/lib/plan/planAddTC.php][10/Oct/9 08:48:03]
[>>][4cb02c44263d9757179487][DEFAULT][/lib/plan/planAddTCNavigator.php][10/Oct/9 08:48:04]
[>>][4cb02c44f06a4663324983][DEFAULT][/lib/ajax/gettprojectnodes.php][10/Oct/9 08:48:04]
[>>][4cb02c46a438b001151580][DEFAULT][/testlink_1_9_RC1/lib/events/eventviewer.php][10/Oct/9 08:48:06]
[>>][4cb02c83504c3094980013][DEFAULT][/testlink_1_9_RC1/lib/general/frmWorkArea.php][10/Oct/9 08:49:07]
[>>][4cb02c83c6741844709037][DEFAULT][/lib/execute/execNavigator.php][10/Oct/9 08:49:07]
[>>][4cb02c8403e7e189786534][DEFAULT][/testlink_1_9_RC1/lib/general/staticPage.php][10/Oct/9 08:49:08]
[>>][4cb02c9904011336583812][DEFAULT][/testlink_1_9_RC1/lib/plan/planExport.php][10/Oct/9 08:49:29]
[>>][4cb02c9ca428b159170662][DEFAULT][/testlink_1_9_RC1/lib/plan/planExport.php][10/Oct/9 08:49:32]
[>>][4cb02ca06b015641759501][DEFAULT][/testlink_1_9_RC1/lib/events/eventviewer.php][10/Oct/9 08:49:36]
[>>][4cb02ca3910bb865804743][DEFAULT][/testlink_1_9_RC1/lib/events/eventviewer.php][10/Oct/9 08:49:39]
[>>][4cb02ca7910c5303611359][DEFAULT][/testlink_1_9_RC1/lib/plan/planExport.php][10/Oct/9 08:49:43]
[>>][4cb02cab042ef358672746][DEFAULT][/testlink_1_9_RC1/lib/events/eventviewer.php][10/Oct/9 08:49:47]
[>>][4cb02cb472c0c996629981][DEFAULT][/testlink_1_9_RC1/lib/plan/planExport.php][10/Oct/9 08:49:56]
[>>][4cb02cb61329c538500964][DEFAULT][/testlink_1_9_RC1/lib/plan/planExport.php][10/Oct/9 08:49:58]
[>>][4cb02d59e954c336578835][DEFAULT][/testlink_1_9_RC1/index.php][10/Oct/9 08:52:41]
[>>][4cb02d5a4132e188976537][DEFAULT][/testlink_1_9_RC1/lib/general/navBar.php][10/Oct/9 08:52:42]
[>>][4cb02d5a6eb6e691616690][DEFAULT][/testlink_1_9_RC1/lib/general/mainPage.php][10/Oct/9 08:52:42]
[>>][4cb02d60226c0182977070][DEFAULT][/testlink_1_9_RC1/lib/general/frmWorkArea.php][10/Oct/9 08:52:48]
[>>][4cb02d60c67d9343709211][DEFAULT][/lib/execute/execNavigator.php][10/Oct/9 08:52:48]
[>>][4cb02d6107d35843629178][DEFAULT][/testlink_1_9_RC1/lib/general/staticPage.php][10/Oct/9 08:52:49]
[>>][4cb02d6be8c8f752683964][DEFAULT][/testlink_1_9_RC1/index.php][10/Oct/9 08:52:59]
[>>][4cb02d6cf0eae213735917][DEFAULT][/testlink_1_9_RC1/lib/general/navBar.php][10/Oct/9 08:53:00]
[>>][4cb02d6cf0695986800621][DEFAULT][/testlink_1_9_RC1/lib/events/eventviewer.php][10/Oct/9 08:53:00]
[>>][4cb02d6e0f58f989009312][DEFAULT][/testlink_1_9_RC1/lib/general/mainPage.php][10/Oct/9 08:53:02]
[>>][4cb02d72d2714730180550][DEFAULT][/testlink_1_9_RC1/lib/plan/planView.php][10/Oct/9 08:53:06]
[>>][4cb02d759c97d303775517][DEFAULT][/testlink_1_9_RC1/lib/plan/planExport.php][10/Oct/9 08:53:09]
[>>][4cb02d78dd74a039548267][DEFAULT][/testlink_1_9_RC1/lib/plan/planExport.php][10/Oct/9 08:53:12]
[>>][4cb02d7c0f72b694683507][DEFAULT][/testlink_1_9_RC1/lib/events/eventviewer.php][10/Oct/9 08:53:16]
[>>][4cb02dbd5bbea906029050][DEFAULT][/testlink_1_9_RC1/lib/events/eventviewer.php][10/Oct/9 08:54:21]
[>>][4cb02dc18985b585248424][DEFAULT][/testlink_1_9_RC1/lib/plan/planView.php][10/Oct/9 08:54:25]
[>>][4cb02dc3d9a15489578790][DEFAULT][/testlink_1_9_RC1/lib/plan/planExport.php][10/Oct/9 08:54:27]
[>>][4cb02dccd5d18944242080][DEFAULT][/testlink_1_9_RC1/lib/events/eventviewer.php][10/Oct/9 08:54:36]
[>>][4cb02dd003fa8931229286][DEFAULT][/testlink_1_9_RC1/lib/events/eventviewer.php][10/Oct/9 08:54:40]
[>>][4cb02dd3c67ab736967370][DEFAULT][/testlink_1_9_RC1/lib/plan/planExport.php][10/Oct/9 08:54:43]
[>>][4cb02dd8d5d0a818644432][DEFAULT][/testlink_1_9_RC1/lib/events/eventviewer.php][10/Oct/9 08:54:48]
[>>][4cb89d7eee596273257684][DEFAULT][/testlink_test/index.php][10/Oct/15 18:29:18]
[>>][4cb89d7f19e76717372966][DEFAULT][/testlink_test/lib/general/mainPage.php][10/Oct/15 18:29:19]
[>>][4cb89d7f1bbcf132267799][DEFAULT][/testlink_test/lib/general/navBar.php][10/Oct/15 18:29:19]
[>>][4cb89d82a73d6326016479][DEFAULT][/testlink_test/lib/keywords/keywordsView.php][10/Oct/15 18:29:22]
[>>][4cb89d84a35d7085237926][DEFAULT][/testlink_test/index.php][10/Oct/15 18:29:24]
[>>][4cb89d84c0869248397673][DEFAULT][/testlink_test/lib/general/mainPage.php][10/Oct/15 18:29:24]
[>>][4cb89d84c2585167990819][DEFAULT][/testlink_test/lib/general/navBar.php][10/Oct/15 18:29:24]
[>>][4cb89d86dbf9a211610763][DEFAULT][/testlink_test/lib/general/frmWorkArea.php][10/Oct/15 18:29:26]
[>>][4cb89d8707d7d630081466][DEFAULT][/testlink_test/lib/general/staticPage.php][10/Oct/15 18:29:27]
[>>][4cb89d8707d81915707466][DEFAULT][/lib/testcases/listTestCases.php][10/Oct/15 18:29:27]
[>>][4cb89d87a78ee321307401][DEFAULT][/testlink_test/lib/ajax/gettprojectnodes.php][10/Oct/15 18:29:27]
[>>][4cb89d8834ba4709107912][DEFAULT][/testlink_test/lib/general/frmWorkArea.php][10/Oct/15 18:29:28]
[>>][4cb89d88631cc734782723][DEFAULT][/testlink_test/lib/execute/execNavigator.php][10/Oct/15 18:29:28]
[>>][4cb89d8863ecf261066162][DEFAULT][/testlink_test/lib/general/staticPage.php][10/Oct/15 18:29:28]
[>>][4cb89d8d8a4de694025897][DEFAULT][/testlink_test/lib/execute/execNavigator.php][10/Oct/15 18:29:33]
[>>][4cb89d910ad76486071778][DEFAULT][/testlink_test/lib/execute/execNavigator.php][10/Oct/15 18:29:37]
[>>][4cb89d968450f801655349][DEFAULT][/testlink_test/lib/execute/execNavigator.php][10/Oct/15 18:29:42]
[>>][4cb89d9966f62323884243][DEFAULT][/testlink_test/lib/execute/execNavigator.php][10/Oct/15 18:29:45]
[>>][4cb89da21d3f0994271096][DEFAULT][/testlink_test/lib/execute/execNavigator.php][10/Oct/15 18:29:54]
